N E X T F L O W  ~  version 22.04.3
WARN: It appears you have never run this project before -- Option `-resume` is ignored
Launching `main.nf` [dreamy_torricelli] DSL2 - revision: e284e968c1
[-        ] process > STAGE:LOAD_SAMPLE_INFO      -
[-        ] process > STAGE:CONVERT_TO_TILED_TIFF -
[-        ] process > STAGE:CREATE_THUMBNAIL_TIFF -

[-        ] process > STAGE:LOAD_SAMPLE_INFO       [  0%] 0 of 1
[-        ] process > STAGE:CONVERT_TO_TILED_TIFF  -
[-        ] process > STAGE:CREATE_THUMBNAIL_TIFF  -
[-        ] process > STAGE:GET_PIXEL_MASK         -
[-        ] process > STAGE:TILE_WSI               -
[-        ] process > STAGE:GET_TILE_MASK          -
[-        ] process > STAGE:GET_INCEPTION_FEATURES -

[-        ] process > STAGE:LOAD_SAMPLE_INFO       [  0%] 0 of 10
[-        ] process > STAGE:CONVERT_TO_TILED_TIFF  -
[-        ] process > STAGE:CREATE_THUMBNAIL_TIFF  -
[-        ] process > STAGE:GET_PIXEL_MASK         -
[-        ] process > STAGE:TILE_WSI               -
[-        ] process > STAGE:GET_TILE_MASK          -
[-        ] process > STAGE:GET_INCEPTION_FEATURES -

[-        ] process > STAGE:LOAD_SAMPLE_INFO       [  0%] 0 of 16
[-        ] process > STAGE:CONVERT_TO_TILED_TIFF  -
[-        ] process > STAGE:CREATE_THUMBNAIL_TIFF  -
[-        ] process > STAGE:GET_PIXEL_MASK         -
[-        ] process > STAGE:TILE_WSI               -
[-        ] process > STAGE:GET_TILE_MASK          -
[-        ] process > STAGE:GET_INCEPTION_FEATURES -

executor >  slurm (2)
[3e/336044] process > STAGE:LOAD_SAMPLE_INFO (WM4... [  0%] 0 of 16
[-        ] process > STAGE:CONVERT_TO_TILED_TIFF    -
[-        ] process > STAGE:CREATE_THUMBNAIL_TIFF    -
[-        ] process > STAGE:GET_PIXEL_MASK           -
[-        ] process > STAGE:TILE_WSI                 -
[-        ] process > STAGE:GET_TILE_MASK            -
[-        ] process > STAGE:GET_INCEPTION_FEATURES   -

executor >  slurm (4)
[e1/0b753a] process > STAGE:LOAD_SAMPLE_INFO (WM4... [  0%] 0 of 16
[-        ] process > STAGE:CONVERT_TO_TILED_TIFF    -
[-        ] process > STAGE:CREATE_THUMBNAIL_TIFF    -
[-        ] process > STAGE:GET_PIXEL_MASK           -
[-        ] process > STAGE:TILE_WSI                 -
[-        ] process > STAGE:GET_TILE_MASK            -
[-        ] process > STAGE:GET_INCEPTION_FEATURES   -

executor >  slurm (6)
[7d/8d2f38] process > STAGE:LOAD_SAMPLE_INFO (WM4... [  0%] 0 of 16
[-        ] process > STAGE:CONVERT_TO_TILED_TIFF    -
[-        ] process > STAGE:CREATE_THUMBNAIL_TIFF    -
[-        ] process > STAGE:GET_PIXEL_MASK           -
[-        ] process > STAGE:TILE_WSI                 -
[-        ] process > STAGE:GET_TILE_MASK            -
[-        ] process > STAGE:GET_INCEPTION_FEATURES   -

executor >  slurm (9)
[0a/b9b19c] process > STAGE:LOAD_SAMPLE_INFO (WM4... [  0%] 0 of 16
[-        ] process > STAGE:CONVERT_TO_TILED_TIFF    -
[-        ] process > STAGE:CREATE_THUMBNAIL_TIFF    -
[-        ] process > STAGE:GET_PIXEL_MASK           -
[-        ] process > STAGE:TILE_WSI                 -
[-        ] process > STAGE:GET_TILE_MASK            -
[-        ] process > STAGE:GET_INCEPTION_FEATURES   -

executor >  slurm (13)
[fe/c05463] process > STAGE:LOAD_SAMPLE_INFO (WM4... [  0%] 0 of 16
[-        ] process > STAGE:CONVERT_TO_TILED_TIFF    -
[-        ] process > STAGE:CREATE_THUMBNAIL_TIFF    -
[-        ] process > STAGE:GET_PIXEL_MASK           -
[-        ] process > STAGE:TILE_WSI                 -
[-        ] process > STAGE:GET_TILE_MASK            -
[-        ] process > STAGE:GET_INCEPTION_FEATURES   -

executor >  slurm (16)
[72/e73736] process > STAGE:LOAD_SAMPLE_INFO (WM4... [  0%] 0 of 16
[-        ] process > STAGE:CONVERT_TO_TILED_TIFF    -
[-        ] process > STAGE:CREATE_THUMBNAIL_TIFF    -
[-        ] process > STAGE:GET_PIXEL_MASK           -
[-        ] process > STAGE:TILE_WSI                 -
[-        ] process > STAGE:GET_TILE_MASK            -
[-        ] process > STAGE:GET_INCEPTION_FEATURES   -

executor >  slurm (16)
[72/e73736] process > STAGE:LOAD_SAMPLE_INFO (WM4... [  0%] 0 of 16
[-        ] process > STAGE:CONVERT_TO_TILED_TIFF    -
[-        ] process > STAGE:CREATE_THUMBNAIL_TIFF    -
[-        ] process > STAGE:GET_PIXEL_MASK           -
[-        ] process > STAGE:TILE_WSI                 -
[-        ] process > STAGE:GET_TILE_MASK            -
[-        ] process > STAGE:GET_INCEPTION_FEATURES   -

executor >  slurm (16)
[3e/336044] process > STAGE:LOAD_SAMPLE_INFO (WM4... [ 12%] 2 of 16
[-        ] process > STAGE:CONVERT_TO_TILED_TIFF    [  0%] 0 of 1
[-        ] process > STAGE:CREATE_THUMBNAIL_TIFF    -
[-        ] process > STAGE:GET_PIXEL_MASK           -
[-        ] process > STAGE:TILE_WSI                 -
[-        ] process > STAGE:GET_TILE_MASK            -
[-        ] process > STAGE:GET_INCEPTION_FEATURES   -

executor >  slurm (16)
[15/ae5f77] process > STAGE:LOAD_SAMPLE_INFO (WM4... [ 31%] 5 of 16
[-        ] process > STAGE:CONVERT_TO_TILED_TIFF    [  0%] 0 of 5
[-        ] process > STAGE:CREATE_THUMBNAIL_TIFF    -
[-        ] process > STAGE:GET_PIXEL_MASK           -
[-        ] process > STAGE:TILE_WSI                 -
[-        ] process > STAGE:GET_TILE_MASK            -
[-        ] process > STAGE:GET_INCEPTION_FEATURES   -

executor >  slurm (17)
[0a/b9b19c] process > STAGE:LOAD_SAMPLE_INFO (WM4... [ 56%] 9 of 16
[89/d9562f] process > STAGE:CONVERT_TO_TILED_TIFF... [  0%] 0 of 9
[-        ] process > STAGE:CREATE_THUMBNAIL_TIFF    -
[-        ] process > STAGE:GET_PIXEL_MASK           -
[-        ] process > STAGE:TILE_WSI                 -
[-        ] process > STAGE:GET_TILE_MASK            -
[-        ] process > STAGE:GET_INCEPTION_FEATURES   -

executor >  slurm (19)
[52/ea07f8] process > STAGE:LOAD_SAMPLE_INFO (WM4... [ 87%] 14 of 16
[cf/93e925] process > STAGE:CONVERT_TO_TILED_TIFF... [  0%] 0 of 14
[-        ] process > STAGE:CREATE_THUMBNAIL_TIFF    -
[-        ] process > STAGE:GET_PIXEL_MASK           -
[-        ] process > STAGE:TILE_WSI                 -
[-        ] process > STAGE:GET_TILE_MASK            -
[-        ] process > STAGE:GET_INCEPTION_FEATURES   -

executor >  slurm (21)
[72/e73736] process > STAGE:LOAD_SAMPLE_INFO (WM4... [100%] 16 of 16 ✔
[e6/8adbdb] process > STAGE:CONVERT_TO_TILED_TIFF... [  0%] 0 of 16
[-        ] process > STAGE:CREATE_THUMBNAIL_TIFF    -
[-        ] process > STAGE:GET_PIXEL_MASK           -
[-        ] process > STAGE:TILE_WSI                 -
[-        ] process > STAGE:GET_TILE_MASK            -
[-        ] process > STAGE:GET_INCEPTION_FEATURES   -

executor >  slurm (25)
[72/e73736] process > STAGE:LOAD_SAMPLE_INFO (WM4... [100%] 16 of 16 ✔
[6b/844885] process > STAGE:CONVERT_TO_TILED_TIFF... [  0%] 0 of 16
[-        ] process > STAGE:CREATE_THUMBNAIL_TIFF    -
[-        ] process > STAGE:GET_PIXEL_MASK           -
[-        ] process > STAGE:TILE_WSI                 -
[-        ] process > STAGE:GET_TILE_MASK            -
[-        ] process > STAGE:GET_INCEPTION_FEATURES   -

executor >  slurm (28)
[72/e73736] process > STAGE:LOAD_SAMPLE_INFO (WM4... [100%] 16 of 16 ✔
[23/dcc2f2] process > STAGE:CONVERT_TO_TILED_TIFF... [  0%] 0 of 16
[-        ] process > STAGE:CREATE_THUMBNAIL_TIFF    -
[-        ] process > STAGE:GET_PIXEL_MASK           -
[-        ] process > STAGE:TILE_WSI                 -
[-        ] process > STAGE:GET_TILE_MASK            -
[-        ] process > STAGE:GET_INCEPTION_FEATURES   -

executor >  slurm (31)
[72/e73736] process > STAGE:LOAD_SAMPLE_INFO (WM4... [100%] 16 of 16 ✔
[2d/5c89c1] process > STAGE:CONVERT_TO_TILED_TIFF... [  0%] 0 of 16
[-        ] process > STAGE:CREATE_THUMBNAIL_TIFF    -
[-        ] process > STAGE:GET_PIXEL_MASK           -
[-        ] process > STAGE:TILE_WSI                 -
[-        ] process > STAGE:GET_TILE_MASK            -
[-        ] process > STAGE:GET_INCEPTION_FEATURES   -

executor >  slurm (32)
[72/e73736] process > STAGE:LOAD_SAMPLE_INFO (WM4... [100%] 16 of 16 ✔
[ca/487fb4] process > STAGE:CONVERT_TO_TILED_TIFF... [  0%] 0 of 16
[-        ] process > STAGE:CREATE_THUMBNAIL_TIFF    -
[-        ] process > STAGE:GET_PIXEL_MASK           -
[-        ] process > STAGE:TILE_WSI                 -
[-        ] process > STAGE:GET_TILE_MASK            -
[-        ] process > STAGE:GET_INCEPTION_FEATURES   -

executor >  slurm (32)
[72/e73736] process > STAGE:LOAD_SAMPLE_INFO (WM4... [100%] 16 of 16 ✔
[ca/487fb4] process > STAGE:CONVERT_TO_TILED_TIFF... [  0%] 0 of 16
[-        ] process > STAGE:CREATE_THUMBNAIL_TIFF    -
[-        ] process > STAGE:GET_PIXEL_MASK           -
[-        ] process > STAGE:TILE_WSI                 -
[-        ] process > STAGE:GET_TILE_MASK            -
[-        ] process > STAGE:GET_INCEPTION_FEATURES   -

executor >  slurm (32)
[72/e73736] process > STAGE:LOAD_SAMPLE_INFO (WM4... [100%] 16 of 16 ✔
[69/d6e15b] process > STAGE:CONVERT_TO_TILED_TIFF... [ 12%] 2 of 16
[-        ] process > STAGE:CREATE_THUMBNAIL_TIFF    [  0%] 0 of 2
[-        ] process > STAGE:GET_PIXEL_MASK           -
[-        ] process > STAGE:TILE_WSI                 [  0%] 0 of 2
[-        ] process > STAGE:GET_TILE_MASK            -
[-        ] process > STAGE:GET_INCEPTION_FEATURES   -

executor >  slurm (36)
[72/e73736] process > STAGE:LOAD_SAMPLE_INFO (WM4... [100%] 16 of 16 ✔
[69/d6e15b] process > STAGE:CONVERT_TO_TILED_TIFF... [ 12%] 2 of 16
[a1/1f7c26] process > STAGE:CREATE_THUMBNAIL_TIFF... [  0%] 0 of 2
[-        ] process > STAGE:GET_PIXEL_MASK           -
[71/037d11] process > STAGE:TILE_WSI (WM4237_TC_S... [  0%] 0 of 2
[-        ] process > STAGE:GET_TILE_MASK            -
[-        ] process > STAGE:GET_INCEPTION_FEATURES   -

executor >  slurm (36)
[72/e73736] process > STAGE:LOAD_SAMPLE_INFO (WM4... [100%] 16 of 16 ✔
[cf/93e925] process > STAGE:CONVERT_TO_TILED_TIFF... [ 31%] 5 of 16
[a1/1f7c26] process > STAGE:CREATE_THUMBNAIL_TIFF... [  0%] 0 of 5
[-        ] process > STAGE:GET_PIXEL_MASK           -
[71/037d11] process > STAGE:TILE_WSI (WM4237_TC_S... [  0%] 0 of 5
[-        ] process > STAGE:GET_TILE_MASK            -
[-        ] process > STAGE:GET_INCEPTION_FEATURES   -

executor >  slurm (38)
[72/e73736] process > STAGE:LOAD_SAMPLE_INFO (WM4... [100%] 16 of 16 ✔
[6b/844885] process > STAGE:CONVERT_TO_TILED_TIFF... [ 62%] 10 of 16
[cb/a7865a] process > STAGE:CREATE_THUMBNAIL_TIFF... [  0%] 0 of 10
[-        ] process > STAGE:GET_PIXEL_MASK           -
[0a/7958bd] process > STAGE:TILE_WSI (WM4237_TE_S... [  0%] 0 of 10
[-        ] process > STAGE:GET_TILE_MASK            -
[-        ] process > STAGE:GET_INCEPTION_FEATURES   -

executor >  slurm (41)
[72/e73736] process > STAGE:LOAD_SAMPLE_INFO (WM4... [100%] 16 of 16 ✔
[6b/844885] process > STAGE:CONVERT_TO_TILED_TIFF... [ 62%] 10 of 16
[a7/5784ba] process > STAGE:CREATE_THUMBNAIL_TIFF... [  0%] 0 of 10
[-        ] process > STAGE:GET_PIXEL_MASK           -
[ef/522373] process > STAGE:TILE_WSI (WM4237_TE_S... [  0%] 0 of 10
[-        ] process > STAGE:GET_TILE_MASK            -
[-        ] process > STAGE:GET_INCEPTION_FEATURES   -

executor >  slurm (45)
[72/e73736] process > STAGE:LOAD_SAMPLE_INFO (WM4... [100%] 16 of 16 ✔
[6b/844885] process > STAGE:CONVERT_TO_TILED_TIFF... [ 62%] 10 of 16
[ca/b00d28] process > STAGE:CREATE_THUMBNAIL_TIFF... [  0%] 0 of 10
[-        ] process > STAGE:GET_PIXEL_MASK           -
[cb/994661] process > STAGE:TILE_WSI (WM4237_TE_S... [  0%] 0 of 10
[-        ] process > STAGE:GET_TILE_MASK            -
[-        ] process > STAGE:GET_INCEPTION_FEATURES   -

executor >  slurm (47)
[72/e73736] process > STAGE:LOAD_SAMPLE_INFO (WM4... [100%] 16 of 16 ✔
[6b/844885] process > STAGE:CONVERT_TO_TILED_TIFF... [ 62%] 10 of 16
[27/cc8028] process > STAGE:CREATE_THUMBNAIL_TIFF... [  0%] 0 of 10
[-        ] process > STAGE:GET_PIXEL_MASK           -
[95/2f5fb3] process > STAGE:TILE_WSI (WM4237_T1_S... [  0%] 0 of 10
[-        ] process > STAGE:GET_TILE_MASK            -
[-        ] process > STAGE:GET_INCEPTION_FEATURES   -

executor >  slurm (51)
[72/e73736] process > STAGE:LOAD_SAMPLE_INFO (WM4... [100%] 16 of 16 ✔
[6b/844885] process > STAGE:CONVERT_TO_TILED_TIFF... [ 62%] 10 of 16
[53/92adeb] process > STAGE:CREATE_THUMBNAIL_TIFF... [  0%] 0 of 10
[-        ] process > STAGE:GET_PIXEL_MASK           -
[ca/cd1acf] process > STAGE:TILE_WSI (WM4237_TC_S... [  0%] 0 of 10
[-        ] process > STAGE:GET_TILE_MASK            -
[-        ] process > STAGE:GET_INCEPTION_FEATURES   -

executor >  slurm (52)
[72/e73736] process > STAGE:LOAD_SAMPLE_INFO (WM4... [100%] 16 of 16 ✔
[6b/844885] process > STAGE:CONVERT_TO_TILED_TIFF... [ 62%] 10 of 16
[d6/c3b807] process > STAGE:CREATE_THUMBNAIL_TIFF... [  0%] 0 of 10
[-        ] process > STAGE:GET_PIXEL_MASK           -
[f9/ae7335] process > STAGE:TILE_WSI (WM4237_T1_S... [  0%] 0 of 10
[-        ] process > STAGE:GET_TILE_MASK            -
[-        ] process > STAGE:GET_INCEPTION_FEATURES   -

executor >  slurm (52)
[72/e73736] process > STAGE:LOAD_SAMPLE_INFO (WM4... [100%] 16 of 16 ✔
[6b/844885] process > STAGE:CONVERT_TO_TILED_TIFF... [ 62%] 10 of 16
[d6/c3b807] process > STAGE:CREATE_THUMBNAIL_TIFF... [  0%] 0 of 10
[-        ] process > STAGE:GET_PIXEL_MASK           -
[f9/ae7335] process > STAGE:TILE_WSI (WM4237_T1_S... [  0%] 0 of 10
[-        ] process > STAGE:GET_TILE_MASK            -
[-        ] process > STAGE:GET_INCEPTION_FEATURES   -

executor >  slurm (52)
[72/e73736] process > STAGE:LOAD_SAMPLE_INFO (WM4... [100%] 16 of 16 ✔
[6b/844885] process > STAGE:CONVERT_TO_TILED_TIFF... [ 62%] 10 of 16
[d6/c3b807] process > STAGE:CREATE_THUMBNAIL_TIFF... [  0%] 0 of 10
[-        ] process > STAGE:GET_PIXEL_MASK           -
[f9/ae7335] process > STAGE:TILE_WSI (WM4237_T1_S... [  0%] 0 of 10
[-        ] process > STAGE:GET_TILE_MASK            -
[-        ] process > STAGE:GET_INCEPTION_FEATURES   -

executor >  slurm (53)
[72/e73736] process > STAGE:LOAD_SAMPLE_INFO (WM4... [100%] 16 of 16 ✔
[68/2fad3c] process > STAGE:CONVERT_TO_TILED_TIFF... [ 75%] 12 of 16
[f9/6d4a90] process > STAGE:CREATE_THUMBNAIL_TIFF... [  0%] 0 of 12
[-        ] process > STAGE:GET_PIXEL_MASK           -
[f9/ae7335] process > STAGE:TILE_WSI (WM4237_T1_S... [  0%] 0 of 12
[-        ] process > STAGE:GET_TILE_MASK            -
[-        ] process > STAGE:GET_INCEPTION_FEATURES   -

executor >  slurm (56)
[72/e73736] process > STAGE:LOAD_SAMPLE_INFO (WM4... [100%] 16 of 16 ✔
[68/2fad3c] process > STAGE:CONVERT_TO_TILED_TIFF... [ 75%] 12 of 16
[da/f2b828] process > STAGE:CREATE_THUMBNAIL_TIFF... [  0%] 0 of 12
[-        ] process > STAGE:GET_PIXEL_MASK           -
[88/14c821] process > STAGE:TILE_WSI (WM4237_T3_S... [  8%] 1 of 12
[-        ] process > STAGE:GET_TILE_MASK            -
[-        ] process > STAGE:GET_INCEPTION_FEATURES   -

executor >  slurm (56)
[72/e73736] process > STAGE:LOAD_SAMPLE_INFO (WM4... [100%] 16 of 16 ✔
[2d/5c89c1] process > STAGE:CONVERT_TO_TILED_TIFF... [ 93%] 15 of 16
[da/f2b828] process > STAGE:CREATE_THUMBNAIL_TIFF... [  0%] 0 of 14
[-        ] process > STAGE:GET_PIXEL_MASK           -
[88/14c821] process > STAGE:TILE_WSI (WM4237_T3_S... [  7%] 1 of 14
[-        ] process > STAGE:GET_TILE_MASK            -
[-        ] process > STAGE:GET_INCEPTION_FEATURES   -

executor >  slurm (60)
[72/e73736] process > STAGE:LOAD_SAMPLE_INFO (WM4... [100%] 16 of 16 ✔
[ca/487fb4] process > STAGE:CONVERT_TO_TILED_TIFF... [100%] 16 of 16 ✔
[5d/6316f1] process > STAGE:CREATE_THUMBNAIL_TIFF... [  0%] 0 of 16
[-        ] process > STAGE:GET_PIXEL_MASK           -
[d7/7e559e] process > STAGE:TILE_WSI (WM4237_T3_S... [ 12%] 2 of 16
[-        ] process > STAGE:GET_TILE_MASK            -
[-        ] process > STAGE:GET_INCEPTION_FEATURES   -

executor >  slurm (64)
[72/e73736] process > STAGE:LOAD_SAMPLE_INFO (WM4... [100%] 16 of 16 ✔
[ca/487fb4] process > STAGE:CONVERT_TO_TILED_TIFF... [100%] 16 of 16 ✔
[5a/561cea] process > STAGE:CREATE_THUMBNAIL_TIFF... [  0%] 0 of 16
[-        ] process > STAGE:GET_PIXEL_MASK           -
[35/2490d8] process > STAGE:TILE_WSI (WM4237_T4_S... [ 12%] 2 of 16
[-        ] process > STAGE:GET_TILE_MASK            -
[-        ] process > STAGE:GET_INCEPTION_FEATURES   -

executor >  slurm (64)
[72/e73736] process > STAGE:LOAD_SAMPLE_INFO (WM4... [100%] 16 of 16 ✔
[ca/487fb4] process > STAGE:CONVERT_TO_TILED_TIFF... [100%] 16 of 16 ✔
[5a/561cea] process > STAGE:CREATE_THUMBNAIL_TIFF... [  0%] 0 of 16
[-        ] process > STAGE:GET_PIXEL_MASK           -
[35/2490d8] process > STAGE:TILE_WSI (WM4237_T4_S... [ 12%] 2 of 16
[-        ] process > STAGE:GET_TILE_MASK            -
[-        ] process > STAGE:GET_INCEPTION_FEATURES   -

executor >  slurm (64)
[72/e73736] process > STAGE:LOAD_SAMPLE_INFO (WM4... [100%] 16 of 16 ✔
[ca/487fb4] process > STAGE:CONVERT_TO_TILED_TIFF... [100%] 16 of 16 ✔
[5a/561cea] process > STAGE:CREATE_THUMBNAIL_TIFF... [  0%] 0 of 16
[-        ] process > STAGE:GET_PIXEL_MASK           -
[35/2490d8] process > STAGE:TILE_WSI (WM4237_T4_S... [ 12%] 2 of 16
[-        ] process > STAGE:GET_TILE_MASK            -
[-        ] process > STAGE:GET_INCEPTION_FEATURES   -

executor >  slurm (64)
[72/e73736] process > STAGE:LOAD_SAMPLE_INFO (WM4... [100%] 16 of 16 ✔
[ca/487fb4] process > STAGE:CONVERT_TO_TILED_TIFF... [100%] 16 of 16 ✔
[34/434861] process > STAGE:CREATE_THUMBNAIL_TIFF... [  6%] 1 of 16
[-        ] process > STAGE:GET_PIXEL_MASK           [  0%] 0 of 1
[ae/9bb9d5] process > STAGE:TILE_WSI (WM4237_TE_S... [ 25%] 4 of 16
[-        ] process > STAGE:GET_TILE_MASK            -
[-        ] process > STAGE:GET_INCEPTION_FEATURES   -

executor >  slurm (65)
[72/e73736] process > STAGE:LOAD_SAMPLE_INFO (WM4... [100%] 16 of 16 ✔
[ca/487fb4] process > STAGE:CONVERT_TO_TILED_TIFF... [100%] 16 of 16 ✔
[34/434861] process > STAGE:CREATE_THUMBNAIL_TIFF... [  6%] 1 of 16
[eb/94c011] process > STAGE:GET_PIXEL_MASK (WM423... [  0%] 0 of 1
[88/14c821] process > STAGE:TILE_WSI (WM4237_T3_S... [ 50%] 8 of 16
[-        ] process > STAGE:GET_TILE_MASK            -
[-        ] process > STAGE:GET_INCEPTION_FEATURES   -

executor >  slurm (65)
[72/e73736] process > STAGE:LOAD_SAMPLE_INFO (WM4... [100%] 16 of 16 ✔
[ca/487fb4] process > STAGE:CONVERT_TO_TILED_TIFF... [100%] 16 of 16 ✔
[34/434861] process > STAGE:CREATE_THUMBNAIL_TIFF... [  6%] 1 of 16
[eb/94c011] process > STAGE:GET_PIXEL_MASK (WM423... [  0%] 0 of 1
[35/2490d8] process > STAGE:TILE_WSI (WM4237_T4_S... [ 68%] 11 of 16
[-        ] process > STAGE:GET_TILE_MASK            -
[-        ] process > STAGE:GET_INCEPTION_FEATURES   -

executor >  slurm (65)
[72/e73736] process > STAGE:LOAD_SAMPLE_INFO (WM4... [100%] 16 of 16 ✔
[ca/487fb4] process > STAGE:CONVERT_TO_TILED_TIFF... [100%] 16 of 16 ✔
[a1/1f7c26] process > STAGE:CREATE_THUMBNAIL_TIFF... [ 12%] 2 of 16
[eb/94c011] process > STAGE:GET_PIXEL_MASK (WM423... [  0%] 0 of 2
[ca/cd1acf] process > STAGE:TILE_WSI (WM4237_TC_S... [ 81%] 13 of 16
[-        ] process > STAGE:GET_TILE_MASK            -
[-        ] process > STAGE:GET_INCEPTION_FEATURES   -

executor >  slurm (66)
[72/e73736] process > STAGE:LOAD_SAMPLE_INFO (WM4... [100%] 16 of 16 ✔
[ca/487fb4] process > STAGE:CONVERT_TO_TILED_TIFF... [100%] 16 of 16 ✔
[a1/1f7c26] process > STAGE:CREATE_THUMBNAIL_TIFF... [ 12%] 2 of 16
[e1/0c250c] process > STAGE:GET_PIXEL_MASK (WM423... [  0%] 0 of 2
[8d/f84085] process > STAGE:TILE_WSI (WM4237_T2_S... [100%] 16 of 16 ✔
[-        ] process > STAGE:GET_TILE_MASK            -
[-        ] process > STAGE:GET_INCEPTION_FEATURES   -

executor >  slurm (66)
[72/e73736] process > STAGE:LOAD_SAMPLE_INFO (WM4... [100%] 16 of 16 ✔
[ca/487fb4] process > STAGE:CONVERT_TO_TILED_TIFF... [100%] 16 of 16 ✔
[cb/a7865a] process > STAGE:CREATE_THUMBNAIL_TIFF... [ 18%] 3 of 16
[e1/0c250c] process > STAGE:GET_PIXEL_MASK (WM423... [  0%] 0 of 3
[8d/f84085] process > STAGE:TILE_WSI (WM4237_T2_S... [100%] 16 of 16 ✔
[-        ] process > STAGE:GET_TILE_MASK            -
[-        ] process > STAGE:GET_INCEPTION_FEATURES   -

executor >  slurm (67)
[72/e73736] process > STAGE:LOAD_SAMPLE_INFO (WM4... [100%] 16 of 16 ✔
[ca/487fb4] process > STAGE:CONVERT_TO_TILED_TIFF... [100%] 16 of 16 ✔
[5d/6316f1] process > STAGE:CREATE_THUMBNAIL_TIFF... [ 68%] 11 of 16
[4c/ab990a] process > STAGE:GET_PIXEL_MASK (WM423... [  0%] 0 of 12
[8d/f84085] process > STAGE:TILE_WSI (WM4237_T2_S... [100%] 16 of 16 ✔
[-        ] process > STAGE:GET_TILE_MASK            -
[-        ] process > STAGE:GET_INCEPTION_FEATURES   -

executor >  slurm (71)
[72/e73736] process > STAGE:LOAD_SAMPLE_INFO (WM4... [100%] 16 of 16 ✔
[ca/487fb4] process > STAGE:CONVERT_TO_TILED_TIFF... [100%] 16 of 16 ✔
[21/c69507] process > STAGE:CREATE_THUMBNAIL_TIFF... [ 75%] 12 of 16
[89/bacb3d] process > STAGE:GET_PIXEL_MASK (WM423... [  0%] 0 of 12
[8d/f84085] process > STAGE:TILE_WSI (WM4237_T2_S... [100%] 16 of 16 ✔
[-        ] process > STAGE:GET_TILE_MASK            -
[-        ] process > STAGE:GET_INCEPTION_FEATURES   -

executor >  slurm (73)
[72/e73736] process > STAGE:LOAD_SAMPLE_INFO (WM4... [100%] 16 of 16 ✔
[ca/487fb4] process > STAGE:CONVERT_TO_TILED_TIFF... [100%] 16 of 16 ✔
[21/c69507] process > STAGE:CREATE_THUMBNAIL_TIFF... [ 75%] 12 of 16
[35/b45a28] process > STAGE:GET_PIXEL_MASK (WM423... [  0%] 0 of 12
[8d/f84085] process > STAGE:TILE_WSI (WM4237_T2_S... [100%] 16 of 16 ✔
[-        ] process > STAGE:GET_TILE_MASK            -
[-        ] process > STAGE:GET_INCEPTION_FEATURES   -

executor >  slurm (76)
[72/e73736] process > STAGE:LOAD_SAMPLE_INFO (WM4... [100%] 16 of 16 ✔
[ca/487fb4] process > STAGE:CONVERT_TO_TILED_TIFF... [100%] 16 of 16 ✔
[21/c69507] process > STAGE:CREATE_THUMBNAIL_TIFF... [ 75%] 12 of 16
[ec/f79f1d] process > STAGE:GET_PIXEL_MASK (WM423... [  0%] 0 of 12
[8d/f84085] process > STAGE:TILE_WSI (WM4237_T2_S... [100%] 16 of 16 ✔
[-        ] process > STAGE:GET_TILE_MASK            -
[-        ] process > STAGE:GET_INCEPTION_FEATURES   -

executor >  slurm (76)
[72/e73736] process > STAGE:LOAD_SAMPLE_INFO (WM4... [100%] 16 of 16 ✔
[ca/487fb4] process > STAGE:CONVERT_TO_TILED_TIFF... [100%] 16 of 16 ✔
[5a/561cea] process > STAGE:CREATE_THUMBNAIL_TIFF... [100%] 16 of 16 ✔
[ec/f79f1d] process > STAGE:GET_PIXEL_MASK (WM423... [  0%] 0 of 16
[8d/f84085] process > STAGE:TILE_WSI (WM4237_T2_S... [100%] 16 of 16 ✔
[-        ] process > STAGE:GET_TILE_MASK            -
[-        ] process > STAGE:GET_INCEPTION_FEATURES   -

executor >  slurm (76)
[72/e73736] process > STAGE:LOAD_SAMPLE_INFO (WM4... [100%] 16 of 16 ✔
[ca/487fb4] process > STAGE:CONVERT_TO_TILED_TIFF... [100%] 16 of 16 ✔
[5a/561cea] process > STAGE:CREATE_THUMBNAIL_TIFF... [100%] 16 of 16 ✔
[e1/0c250c] process > STAGE:GET_PIXEL_MASK (WM423... [  6%] 1 of 16
[8d/f84085] process > STAGE:TILE_WSI (WM4237_T2_S... [100%] 16 of 16 ✔
[-        ] process > STAGE:GET_TILE_MASK            [  0%] 0 of 1
[-        ] process > STAGE:GET_INCEPTION_FEATURES   -

executor >  slurm (77)
[72/e73736] process > STAGE:LOAD_SAMPLE_INFO (WM4... [100%] 16 of 16 ✔
[ca/487fb4] process > STAGE:CONVERT_TO_TILED_TIFF... [100%] 16 of 16 ✔
[5a/561cea] process > STAGE:CREATE_THUMBNAIL_TIFF... [100%] 16 of 16 ✔
[e1/0c250c] process > STAGE:GET_PIXEL_MASK (WM423... [  6%] 1 of 16
[8d/f84085] process > STAGE:TILE_WSI (WM4237_T2_S... [100%] 16 of 16 ✔
[-        ] process > STAGE:GET_TILE_MASK            [  0%] 0 of 1
[-        ] process > STAGE:GET_INCEPTION_FEATURES   -

executor >  slurm (81)
[72/e73736] process > STAGE:LOAD_SAMPLE_INFO (WM4... [100%] 16 of 16 ✔
[ca/487fb4] process > STAGE:CONVERT_TO_TILED_TIFF... [100%] 16 of 16 ✔
[5a/561cea] process > STAGE:CREATE_THUMBNAIL_TIFF... [100%] 16 of 16 ✔
[46/3f5778] process > STAGE:GET_PIXEL_MASK (WM423... [  6%] 1 of 16
[8d/f84085] process > STAGE:TILE_WSI (WM4237_T2_S... [100%] 16 of 16 ✔
[db/df6a68] process > STAGE:GET_TILE_MASK (WM4237... [  0%] 0 of 1
[-        ] process > STAGE:GET_INCEPTION_FEATURES   -

executor >  slurm (81)
[72/e73736] process > STAGE:LOAD_SAMPLE_INFO (WM4... [100%] 16 of 16 ✔
[ca/487fb4] process > STAGE:CONVERT_TO_TILED_TIFF... [100%] 16 of 16 ✔
[5a/561cea] process > STAGE:CREATE_THUMBNAIL_TIFF... [100%] 16 of 16 ✔
[46/3f5778] process > STAGE:GET_PIXEL_MASK (WM423... [  6%] 1 of 16
[8d/f84085] process > STAGE:TILE_WSI (WM4237_T2_S... [100%] 16 of 16 ✔
[db/df6a68] process > STAGE:GET_TILE_MASK (WM4237... [  0%] 0 of 1
[-        ] process > STAGE:GET_INCEPTION_FEATURES   -

executor >  slurm (81)
[72/e73736] process > STAGE:LOAD_SAMPLE_INFO (WM4... [100%] 16 of 16 ✔
[ca/487fb4] process > STAGE:CONVERT_TO_TILED_TIFF... [100%] 16 of 16 ✔
[5a/561cea] process > STAGE:CREATE_THUMBNAIL_TIFF... [100%] 16 of 16 ✔
[46/3f5778] process > STAGE:GET_PIXEL_MASK (WM423... [  6%] 1 of 16
[8d/f84085] process > STAGE:TILE_WSI (WM4237_T2_S... [100%] 16 of 16 ✔
[db/df6a68] process > STAGE:GET_TILE_MASK (WM4237... [  0%] 0 of 1
[-        ] process > STAGE:GET_INCEPTION_FEATURES   -

executor >  slurm (81)
[72/e73736] process > STAGE:LOAD_SAMPLE_INFO (WM4... [100%] 16 of 16 ✔
[ca/487fb4] process > STAGE:CONVERT_TO_TILED_TIFF... [100%] 16 of 16 ✔
[5a/561cea] process > STAGE:CREATE_THUMBNAIL_TIFF... [100%] 16 of 16 ✔
[4c/ab990a] process > STAGE:GET_PIXEL_MASK (WM423... [ 18%] 3 of 16
[8d/f84085] process > STAGE:TILE_WSI (WM4237_T2_S... [100%] 16 of 16 ✔
[db/df6a68] process > STAGE:GET_TILE_MASK (WM4237... [  0%] 0 of 3
[-        ] process > STAGE:GET_INCEPTION_FEATURES   -

executor >  slurm (84)
[72/e73736] process > STAGE:LOAD_SAMPLE_INFO (WM4... [100%] 16 of 16 ✔
[ca/487fb4] process > STAGE:CONVERT_TO_TILED_TIFF... [100%] 16 of 16 ✔
[5a/561cea] process > STAGE:CREATE_THUMBNAIL_TIFF... [100%] 16 of 16 ✔
[35/b45a28] process > STAGE:GET_PIXEL_MASK (WM423... [ 43%] 7 of 16
[8d/f84085] process > STAGE:TILE_WSI (WM4237_T2_S... [100%] 16 of 16 ✔
[5a/ec2056] process > STAGE:GET_TILE_MASK (WM4237... [  0%] 0 of 7
[-        ] process > STAGE:GET_INCEPTION_FEATURES   -

executor >  slurm (84)
[72/e73736] process > STAGE:LOAD_SAMPLE_INFO (WM4... [100%] 16 of 16 ✔
[ca/487fb4] process > STAGE:CONVERT_TO_TILED_TIFF... [100%] 16 of 16 ✔
[5a/561cea] process > STAGE:CREATE_THUMBNAIL_TIFF... [100%] 16 of 16 ✔
[ec/f79f1d] process > STAGE:GET_PIXEL_MASK (WM423... [ 56%] 9 of 16
[8d/f84085] process > STAGE:TILE_WSI (WM4237_T2_S... [100%] 16 of 16 ✔
[5a/ec2056] process > STAGE:GET_TILE_MASK (WM4237... [  0%] 0 of 9
[-        ] process > STAGE:GET_INCEPTION_FEATURES   -

executor >  slurm (85)
[72/e73736] process > STAGE:LOAD_SAMPLE_INFO (WM4... [100%] 16 of 16 ✔
[ca/487fb4] process > STAGE:CONVERT_TO_TILED_TIFF... [100%] 16 of 16 ✔
[5a/561cea] process > STAGE:CREATE_THUMBNAIL_TIFF... [100%] 16 of 16 ✔
[46/3f5778] process > STAGE:GET_PIXEL_MASK (WM423... [ 81%] 13 of 16
[8d/f84085] process > STAGE:TILE_WSI (WM4237_T2_S... [100%] 16 of 16 ✔
[5e/8ebb20] process > STAGE:GET_TILE_MASK (WM4237... [  0%] 0 of 13
[-        ] process > STAGE:GET_INCEPTION_FEATURES   -

executor >  slurm (88)
[72/e73736] process > STAGE:LOAD_SAMPLE_INFO (WM4... [100%] 16 of 16 ✔
[ca/487fb4] process > STAGE:CONVERT_TO_TILED_TIFF... [100%] 16 of 16 ✔
[5a/561cea] process > STAGE:CREATE_THUMBNAIL_TIFF... [100%] 16 of 16 ✔
[46/3f5778] process > STAGE:GET_PIXEL_MASK (WM423... [ 81%] 13 of 16
[8d/f84085] process > STAGE:TILE_WSI (WM4237_T2_S... [100%] 16 of 16 ✔
[d0/1e0509] process > STAGE:GET_TILE_MASK (WM4237... [  0%] 0 of 13
[-        ] process > STAGE:GET_INCEPTION_FEATURES   -

executor >  slurm (90)
[72/e73736] process > STAGE:LOAD_SAMPLE_INFO (WM4... [100%] 16 of 16 ✔
[ca/487fb4] process > STAGE:CONVERT_TO_TILED_TIFF... [100%] 16 of 16 ✔
[5a/561cea] process > STAGE:CREATE_THUMBNAIL_TIFF... [100%] 16 of 16 ✔
[46/3f5778] process > STAGE:GET_PIXEL_MASK (WM423... [ 81%] 13 of 16
[8d/f84085] process > STAGE:TILE_WSI (WM4237_T2_S... [100%] 16 of 16 ✔
[bd/73aeb7] process > STAGE:GET_TILE_MASK (WM4237... [  0%] 0 of 13
[-        ] process > STAGE:GET_INCEPTION_FEATURES   -

executor >  slurm (93)
[72/e73736] process > STAGE:LOAD_SAMPLE_INFO (WM4... [100%] 16 of 16 ✔
[ca/487fb4] process > STAGE:CONVERT_TO_TILED_TIFF... [100%] 16 of 16 ✔
[5a/561cea] process > STAGE:CREATE_THUMBNAIL_TIFF... [100%] 16 of 16 ✔
[46/3f5778] process > STAGE:GET_PIXEL_MASK (WM423... [ 81%] 13 of 16
[8d/f84085] process > STAGE:TILE_WSI (WM4237_T2_S... [100%] 16 of 16 ✔
[5e/8a87e6] process > STAGE:GET_TILE_MASK (WM4237... [  0%] 0 of 13
[-        ] process > STAGE:GET_INCEPTION_FEATURES   -

executor >  slurm (94)
[72/e73736] process > STAGE:LOAD_SAMPLE_INFO (WM4... [100%] 16 of 16 ✔
[ca/487fb4] process > STAGE:CONVERT_TO_TILED_TIFF... [100%] 16 of 16 ✔
[5a/561cea] process > STAGE:CREATE_THUMBNAIL_TIFF... [100%] 16 of 16 ✔
[9f/15a72b] process > STAGE:GET_PIXEL_MASK (WM423... [100%] 16 of 16 ✔
[8d/f84085] process > STAGE:TILE_WSI (WM4237_T2_S... [100%] 16 of 16 ✔
[db/df6a68] process > STAGE:GET_TILE_MASK (WM4237... [  6%] 1 of 16
[-        ] process > STAGE:GET_INCEPTION_FEATURES   [  0%] 0 of 1

executor >  slurm (96)
[72/e73736] process > STAGE:LOAD_SAMPLE_INFO (WM4... [100%] 16 of 16 ✔
[ca/487fb4] process > STAGE:CONVERT_TO_TILED_TIFF... [100%] 16 of 16 ✔
[5a/561cea] process > STAGE:CREATE_THUMBNAIL_TIFF... [100%] 16 of 16 ✔
[9f/15a72b] process > STAGE:GET_PIXEL_MASK (WM423... [100%] 16 of 16 ✔
[8d/f84085] process > STAGE:TILE_WSI (WM4237_T2_S... [100%] 16 of 16 ✔
[03/59e402] process > STAGE:GET_TILE_MASK (WM4237... [  6%] 1 of 16
[-        ] process > STAGE:GET_INCEPTION_FEATURES   [  0%] 0 of 1

executor >  slurm (97)
[72/e73736] process > STAGE:LOAD_SAMPLE_INFO (WM4... [100%] 16 of 16 ✔
[ca/487fb4] process > STAGE:CONVERT_TO_TILED_TIFF... [100%] 16 of 16 ✔
[5a/561cea] process > STAGE:CREATE_THUMBNAIL_TIFF... [100%] 16 of 16 ✔
[9f/15a72b] process > STAGE:GET_PIXEL_MASK (WM423... [100%] 16 of 16 ✔
[8d/f84085] process > STAGE:TILE_WSI (WM4237_T2_S... [100%] 16 of 16 ✔
[03/59e402] process > STAGE:GET_TILE_MASK (WM4237... [  6%] 1 of 16
[e3/3f1970] process > STAGE:GET_INCEPTION_FEATURE... [  0%] 0 of 1

executor >  slurm (97)
[72/e73736] process > STAGE:LOAD_SAMPLE_INFO (WM4... [100%] 16 of 16 ✔
[ca/487fb4] process > STAGE:CONVERT_TO_TILED_TIFF... [100%] 16 of 16 ✔
[5a/561cea] process > STAGE:CREATE_THUMBNAIL_TIFF... [100%] 16 of 16 ✔
[9f/15a72b] process > STAGE:GET_PIXEL_MASK (WM423... [100%] 16 of 16 ✔
[8d/f84085] process > STAGE:TILE_WSI (WM4237_T2_S... [100%] 16 of 16 ✔
[03/59e402] process > STAGE:GET_TILE_MASK (WM4237... [  6%] 1 of 16
[e3/3f1970] process > STAGE:GET_INCEPTION_FEATURE... [  0%] 0 of 1

executor >  slurm (97)
[72/e73736] process > STAGE:LOAD_SAMPLE_INFO (WM4... [100%] 16 of 16 ✔
[ca/487fb4] process > STAGE:CONVERT_TO_TILED_TIFF... [100%] 16 of 16 ✔
[5a/561cea] process > STAGE:CREATE_THUMBNAIL_TIFF... [100%] 16 of 16 ✔
[9f/15a72b] process > STAGE:GET_PIXEL_MASK (WM423... [100%] 16 of 16 ✔
[8d/f84085] process > STAGE:TILE_WSI (WM4237_T2_S... [100%] 16 of 16 ✔
[89/f57e85] process > STAGE:GET_TILE_MASK (WM4237... [ 18%] 3 of 16
[e3/3f1970] process > STAGE:GET_INCEPTION_FEATURE... [  0%] 0 of 3

executor >  slurm (100)
[72/e73736] process > STAGE:LOAD_SAMPLE_INFO (WM4... [100%] 16 of 16 ✔
[ca/487fb4] process > STAGE:CONVERT_TO_TILED_TIFF... [100%] 16 of 16 ✔
[5a/561cea] process > STAGE:CREATE_THUMBNAIL_TIFF... [100%] 16 of 16 ✔
[9f/15a72b] process > STAGE:GET_PIXEL_MASK (WM423... [100%] 16 of 16 ✔
[8d/f84085] process > STAGE:TILE_WSI (WM4237_T2_S... [100%] 16 of 16 ✔
[8c/2cb589] process > STAGE:GET_TILE_MASK (WM4237... [ 25%] 4 of 16
[45/c545f9] process > STAGE:GET_INCEPTION_FEATURE... [  0%] 0 of 4

executor >  slurm (101)
[72/e73736] process > STAGE:LOAD_SAMPLE_INFO (WM4... [100%] 16 of 16 ✔
[ca/487fb4] process > STAGE:CONVERT_TO_TILED_TIFF... [100%] 16 of 16 ✔
[5a/561cea] process > STAGE:CREATE_THUMBNAIL_TIFF... [100%] 16 of 16 ✔
[9f/15a72b] process > STAGE:GET_PIXEL_MASK (WM423... [100%] 16 of 16 ✔
[8d/f84085] process > STAGE:TILE_WSI (WM4237_T2_S... [100%] 16 of 16 ✔
[fc/af8e99] process > STAGE:GET_TILE_MASK (WM4237... [ 31%] 5 of 16
[b8/5e3fec] process > STAGE:GET_INCEPTION_FEATURE... [  0%] 0 of 5

executor >  slurm (103)
[72/e73736] process > STAGE:LOAD_SAMPLE_INFO (WM4... [100%] 16 of 16 ✔
[ca/487fb4] process > STAGE:CONVERT_TO_TILED_TIFF... [100%] 16 of 16 ✔
[5a/561cea] process > STAGE:CREATE_THUMBNAIL_TIFF... [100%] 16 of 16 ✔
[9f/15a72b] process > STAGE:GET_PIXEL_MASK (WM423... [100%] 16 of 16 ✔
[8d/f84085] process > STAGE:TILE_WSI (WM4237_T2_S... [100%] 16 of 16 ✔
[39/65d01a] process > STAGE:GET_TILE_MASK (WM4237... [ 50%] 8 of 16
[3c/cd55ae] process > STAGE:GET_INCEPTION_FEATURE... [  0%] 0 of 8

executor >  slurm (104)
[72/e73736] process > STAGE:LOAD_SAMPLE_INFO (WM4... [100%] 16 of 16 ✔
[ca/487fb4] process > STAGE:CONVERT_TO_TILED_TIFF... [100%] 16 of 16 ✔
[5a/561cea] process > STAGE:CREATE_THUMBNAIL_TIFF... [100%] 16 of 16 ✔
[9f/15a72b] process > STAGE:GET_PIXEL_MASK (WM423... [100%] 16 of 16 ✔
[8d/f84085] process > STAGE:TILE_WSI (WM4237_T2_S... [100%] 16 of 16 ✔
[39/65d01a] process > STAGE:GET_TILE_MASK (WM4237... [ 50%] 8 of 16
[a3/3c2940] process > STAGE:GET_INCEPTION_FEATURE... [  0%] 0 of 8

executor >  slurm (104)
[72/e73736] process > STAGE:LOAD_SAMPLE_INFO (WM4... [100%] 16 of 16 ✔
[ca/487fb4] process > STAGE:CONVERT_TO_TILED_TIFF... [100%] 16 of 16 ✔
[5a/561cea] process > STAGE:CREATE_THUMBNAIL_TIFF... [100%] 16 of 16 ✔
[9f/15a72b] process > STAGE:GET_PIXEL_MASK (WM423... [100%] 16 of 16 ✔
[8d/f84085] process > STAGE:TILE_WSI (WM4237_T2_S... [100%] 16 of 16 ✔
[39/65d01a] process > STAGE:GET_TILE_MASK (WM4237... [ 50%] 8 of 16
[a3/3c2940] process > STAGE:GET_INCEPTION_FEATURE... [  0%] 0 of 8

executor >  slurm (104)
[72/e73736] process > STAGE:LOAD_SAMPLE_INFO (WM4... [100%] 16 of 16 ✔
[ca/487fb4] process > STAGE:CONVERT_TO_TILED_TIFF... [100%] 16 of 16 ✔
[5a/561cea] process > STAGE:CREATE_THUMBNAIL_TIFF... [100%] 16 of 16 ✔
[9f/15a72b] process > STAGE:GET_PIXEL_MASK (WM423... [100%] 16 of 16 ✔
[8d/f84085] process > STAGE:TILE_WSI (WM4237_T2_S... [100%] 16 of 16 ✔
[5a/ec2056] process > STAGE:GET_TILE_MASK (WM4237... [ 56%] 9 of 16
[a3/3c2940] process > STAGE:GET_INCEPTION_FEATURE... [  0%] 0 of 9

executor >  slurm (106)
[72/e73736] process > STAGE:LOAD_SAMPLE_INFO (WM4... [100%] 16 of 16 ✔
[ca/487fb4] process > STAGE:CONVERT_TO_TILED_TIFF... [100%] 16 of 16 ✔
[5a/561cea] process > STAGE:CREATE_THUMBNAIL_TIFF... [100%] 16 of 16 ✔
[9f/15a72b] process > STAGE:GET_PIXEL_MASK (WM423... [100%] 16 of 16 ✔
[8d/f84085] process > STAGE:TILE_WSI (WM4237_T2_S... [100%] 16 of 16 ✔
[bd/73aeb7] process > STAGE:GET_TILE_MASK (WM4237... [ 68%] 11 of 16
[ff/f66b68] process > STAGE:GET_INCEPTION_FEATURE... [  0%] 0 of 11

executor >  slurm (108)
[72/e73736] process > STAGE:LOAD_SAMPLE_INFO (WM4... [100%] 16 of 16 ✔
[ca/487fb4] process > STAGE:CONVERT_TO_TILED_TIFF... [100%] 16 of 16 ✔
[5a/561cea] process > STAGE:CREATE_THUMBNAIL_TIFF... [100%] 16 of 16 ✔
[9f/15a72b] process > STAGE:GET_PIXEL_MASK (WM423... [100%] 16 of 16 ✔
[8d/f84085] process > STAGE:TILE_WSI (WM4237_T2_S... [100%] 16 of 16 ✔
[2d/5e7ba3] process > STAGE:GET_TILE_MASK (WM4237... [ 81%] 13 of 16
[95/eae821] process > STAGE:GET_INCEPTION_FEATURE... [  0%] 0 of 13

executor >  slurm (109)
[72/e73736] process > STAGE:LOAD_SAMPLE_INFO (WM4... [100%] 16 of 16 ✔
[ca/487fb4] process > STAGE:CONVERT_TO_TILED_TIFF... [100%] 16 of 16 ✔
[5a/561cea] process > STAGE:CREATE_THUMBNAIL_TIFF... [100%] 16 of 16 ✔
[9f/15a72b] process > STAGE:GET_PIXEL_MASK (WM423... [100%] 16 of 16 ✔
[8d/f84085] process > STAGE:TILE_WSI (WM4237_T2_S... [100%] 16 of 16 ✔
[2d/5e7ba3] process > STAGE:GET_TILE_MASK (WM4237... [ 81%] 13 of 16
[da/aa4278] process > STAGE:GET_INCEPTION_FEATURE... [  0%] 0 of 13

executor >  slurm (110)
[72/e73736] process > STAGE:LOAD_SAMPLE_INFO (WM4... [100%] 16 of 16 ✔
[ca/487fb4] process > STAGE:CONVERT_TO_TILED_TIFF... [100%] 16 of 16 ✔
[5a/561cea] process > STAGE:CREATE_THUMBNAIL_TIFF... [100%] 16 of 16 ✔
[9f/15a72b] process > STAGE:GET_PIXEL_MASK (WM423... [100%] 16 of 16 ✔
[8d/f84085] process > STAGE:TILE_WSI (WM4237_T2_S... [100%] 16 of 16 ✔
[67/a483c3] process > STAGE:GET_TILE_MASK (WM4237... [ 93%] 15 of 16
[eb/06f4eb] process > STAGE:GET_INCEPTION_FEATURE... [  0%] 0 of 15

executor >  slurm (111)
[72/e73736] process > STAGE:LOAD_SAMPLE_INFO (WM4... [100%] 16 of 16 ✔
[ca/487fb4] process > STAGE:CONVERT_TO_TILED_TIFF... [100%] 16 of 16 ✔
[5a/561cea] process > STAGE:CREATE_THUMBNAIL_TIFF... [100%] 16 of 16 ✔
[9f/15a72b] process > STAGE:GET_PIXEL_MASK (WM423... [100%] 16 of 16 ✔
[8d/f84085] process > STAGE:TILE_WSI (WM4237_T2_S... [100%] 16 of 16 ✔
[67/a483c3] process > STAGE:GET_TILE_MASK (WM4237... [ 93%] 15 of 16
[70/771006] process > STAGE:GET_INCEPTION_FEATURE... [  0%] 0 of 15

executor >  slurm (112)
[72/e73736] process > STAGE:LOAD_SAMPLE_INFO (WM4... [100%] 16 of 16 ✔
[ca/487fb4] process > STAGE:CONVERT_TO_TILED_TIFF... [100%] 16 of 16 ✔
[5a/561cea] process > STAGE:CREATE_THUMBNAIL_TIFF... [100%] 16 of 16 ✔
[9f/15a72b] process > STAGE:GET_PIXEL_MASK (WM423... [100%] 16 of 16 ✔
[8d/f84085] process > STAGE:TILE_WSI (WM4237_T2_S... [100%] 16 of 16 ✔
[03/59e402] process > STAGE:GET_TILE_MASK (WM4237... [100%] 16 of 16 ✔
[1a/f5940c] process > STAGE:GET_INCEPTION_FEATURE... [  0%] 0 of 16

executor >  slurm (112)
[72/e73736] process > STAGE:LOAD_SAMPLE_INFO (WM4... [100%] 16 of 16 ✔
[ca/487fb4] process > STAGE:CONVERT_TO_TILED_TIFF... [100%] 16 of 16 ✔
[5a/561cea] process > STAGE:CREATE_THUMBNAIL_TIFF... [100%] 16 of 16 ✔
[9f/15a72b] process > STAGE:GET_PIXEL_MASK (WM423... [100%] 16 of 16 ✔
[8d/f84085] process > STAGE:TILE_WSI (WM4237_T2_S... [100%] 16 of 16 ✔
[03/59e402] process > STAGE:GET_TILE_MASK (WM4237... [100%] 16 of 16 ✔
[1a/f5940c] process > STAGE:GET_INCEPTION_FEATURE... [  0%] 0 of 16

executor >  slurm (112)
[72/e73736] process > STAGE:LOAD_SAMPLE_INFO (WM4... [100%] 16 of 16 ✔
[ca/487fb4] process > STAGE:CONVERT_TO_TILED_TIFF... [100%] 16 of 16 ✔
[5a/561cea] process > STAGE:CREATE_THUMBNAIL_TIFF... [100%] 16 of 16 ✔
[9f/15a72b] process > STAGE:GET_PIXEL_MASK (WM423... [100%] 16 of 16 ✔
[8d/f84085] process > STAGE:TILE_WSI (WM4237_T2_S... [100%] 16 of 16 ✔
[03/59e402] process > STAGE:GET_TILE_MASK (WM4237... [100%] 16 of 16 ✔
[1a/f5940c] process > STAGE:GET_INCEPTION_FEATURE... [  0%] 0 of 16

executor >  slurm (112)
[72/e73736] process > STAGE:LOAD_SAMPLE_INFO (WM4... [100%] 16 of 16 ✔
[ca/487fb4] process > STAGE:CONVERT_TO_TILED_TIFF... [100%] 16 of 16 ✔
[5a/561cea] process > STAGE:CREATE_THUMBNAIL_TIFF... [100%] 16 of 16 ✔
[9f/15a72b] process > STAGE:GET_PIXEL_MASK (WM423... [100%] 16 of 16 ✔
[8d/f84085] process > STAGE:TILE_WSI (WM4237_T2_S... [100%] 16 of 16 ✔
[03/59e402] process > STAGE:GET_TILE_MASK (WM4237... [100%] 16 of 16 ✔
[c7/c24604] process > STAGE:GET_INCEPTION_FEATURE... [  6%] 1 of 16

executor >  slurm (112)
[72/e73736] process > STAGE:LOAD_SAMPLE_INFO (WM4... [100%] 16 of 16 ✔
[ca/487fb4] process > STAGE:CONVERT_TO_TILED_TIFF... [100%] 16 of 16 ✔
[5a/561cea] process > STAGE:CREATE_THUMBNAIL_TIFF... [100%] 16 of 16 ✔
[9f/15a72b] process > STAGE:GET_PIXEL_MASK (WM423... [100%] 16 of 16 ✔
[8d/f84085] process > STAGE:TILE_WSI (WM4237_T2_S... [100%] 16 of 16 ✔
[03/59e402] process > STAGE:GET_TILE_MASK (WM4237... [100%] 16 of 16 ✔
[32/4487f0] process > STAGE:GET_INCEPTION_FEATURE... [ 18%] 3 of 16

executor >  slurm (112)
[72/e73736] process > STAGE:LOAD_SAMPLE_INFO (WM4... [100%] 16 of 16 ✔
[ca/487fb4] process > STAGE:CONVERT_TO_TILED_TIFF... [100%] 16 of 16 ✔
[5a/561cea] process > STAGE:CREATE_THUMBNAIL_TIFF... [100%] 16 of 16 ✔
[9f/15a72b] process > STAGE:GET_PIXEL_MASK (WM423... [100%] 16 of 16 ✔
[8d/f84085] process > STAGE:TILE_WSI (WM4237_T2_S... [100%] 16 of 16 ✔
[03/59e402] process > STAGE:GET_TILE_MASK (WM4237... [100%] 16 of 16 ✔
[30/e868fc] process > STAGE:GET_INCEPTION_FEATURE... [ 25%] 4 of 16

executor >  slurm (112)
[72/e73736] process > STAGE:LOAD_SAMPLE_INFO (WM4... [100%] 16 of 16 ✔
[ca/487fb4] process > STAGE:CONVERT_TO_TILED_TIFF... [100%] 16 of 16 ✔
[5a/561cea] process > STAGE:CREATE_THUMBNAIL_TIFF... [100%] 16 of 16 ✔
[9f/15a72b] process > STAGE:GET_PIXEL_MASK (WM423... [100%] 16 of 16 ✔
[8d/f84085] process > STAGE:TILE_WSI (WM4237_T2_S... [100%] 16 of 16 ✔
[03/59e402] process > STAGE:GET_TILE_MASK (WM4237... [100%] 16 of 16 ✔
[b9/260fb5] process > STAGE:GET_INCEPTION_FEATURE... [ 31%] 5 of 16

executor >  slurm (112)
[72/e73736] process > STAGE:LOAD_SAMPLE_INFO (WM4... [100%] 16 of 16 ✔
[ca/487fb4] process > STAGE:CONVERT_TO_TILED_TIFF... [100%] 16 of 16 ✔
[5a/561cea] process > STAGE:CREATE_THUMBNAIL_TIFF... [100%] 16 of 16 ✔
[9f/15a72b] process > STAGE:GET_PIXEL_MASK (WM423... [100%] 16 of 16 ✔
[8d/f84085] process > STAGE:TILE_WSI (WM4237_T2_S... [100%] 16 of 16 ✔
[03/59e402] process > STAGE:GET_TILE_MASK (WM4237... [100%] 16 of 16 ✔
[b8/5e3fec] process > STAGE:GET_INCEPTION_FEATURE... [ 37%] 6 of 16

executor >  slurm (112)
[72/e73736] process > STAGE:LOAD_SAMPLE_INFO (WM4... [100%] 16 of 16 ✔
[ca/487fb4] process > STAGE:CONVERT_TO_TILED_TIFF... [100%] 16 of 16 ✔
[5a/561cea] process > STAGE:CREATE_THUMBNAIL_TIFF... [100%] 16 of 16 ✔
[9f/15a72b] process > STAGE:GET_PIXEL_MASK (WM423... [100%] 16 of 16 ✔
[8d/f84085] process > STAGE:TILE_WSI (WM4237_T2_S... [100%] 16 of 16 ✔
[03/59e402] process > STAGE:GET_TILE_MASK (WM4237... [100%] 16 of 16 ✔
[70/771006] process > STAGE:GET_INCEPTION_FEATURE... [ 50%] 8 of 16

executor >  slurm (112)
[72/e73736] process > STAGE:LOAD_SAMPLE_INFO (WM4... [100%] 16 of 16 ✔
[ca/487fb4] process > STAGE:CONVERT_TO_TILED_TIFF... [100%] 16 of 16 ✔
[5a/561cea] process > STAGE:CREATE_THUMBNAIL_TIFF... [100%] 16 of 16 ✔
[9f/15a72b] process > STAGE:GET_PIXEL_MASK (WM423... [100%] 16 of 16 ✔
[8d/f84085] process > STAGE:TILE_WSI (WM4237_T2_S... [100%] 16 of 16 ✔
[03/59e402] process > STAGE:GET_TILE_MASK (WM4237... [100%] 16 of 16 ✔
[95/eae821] process > STAGE:GET_INCEPTION_FEATURE... [ 56%] 9 of 16

executor >  slurm (112)
[72/e73736] process > STAGE:LOAD_SAMPLE_INFO (WM4... [100%] 16 of 16 ✔
[ca/487fb4] process > STAGE:CONVERT_TO_TILED_TIFF... [100%] 16 of 16 ✔
[5a/561cea] process > STAGE:CREATE_THUMBNAIL_TIFF... [100%] 16 of 16 ✔
[9f/15a72b] process > STAGE:GET_PIXEL_MASK (WM423... [100%] 16 of 16 ✔
[8d/f84085] process > STAGE:TILE_WSI (WM4237_T2_S... [100%] 16 of 16 ✔
[03/59e402] process > STAGE:GET_TILE_MASK (WM4237... [100%] 16 of 16 ✔
[12/5a5b92] process > STAGE:GET_INCEPTION_FEATURE... [ 62%] 10 of 16

executor >  slurm (112)
[72/e73736] process > STAGE:LOAD_SAMPLE_INFO (WM4... [100%] 16 of 16 ✔
[ca/487fb4] process > STAGE:CONVERT_TO_TILED_TIFF... [100%] 16 of 16 ✔
[5a/561cea] process > STAGE:CREATE_THUMBNAIL_TIFF... [100%] 16 of 16 ✔
[9f/15a72b] process > STAGE:GET_PIXEL_MASK (WM423... [100%] 16 of 16 ✔
[8d/f84085] process > STAGE:TILE_WSI (WM4237_T2_S... [100%] 16 of 16 ✔
[03/59e402] process > STAGE:GET_TILE_MASK (WM4237... [100%] 16 of 16 ✔
[1a/f5940c] process > STAGE:GET_INCEPTION_FEATURE... [ 75%] 12 of 16

executor >  slurm (112)
[72/e73736] process > STAGE:LOAD_SAMPLE_INFO (WM4... [100%] 16 of 16 ✔
[ca/487fb4] process > STAGE:CONVERT_TO_TILED_TIFF... [100%] 16 of 16 ✔
[5a/561cea] process > STAGE:CREATE_THUMBNAIL_TIFF... [100%] 16 of 16 ✔
[9f/15a72b] process > STAGE:GET_PIXEL_MASK (WM423... [100%] 16 of 16 ✔
[8d/f84085] process > STAGE:TILE_WSI (WM4237_T2_S... [100%] 16 of 16 ✔
[03/59e402] process > STAGE:GET_TILE_MASK (WM4237... [100%] 16 of 16 ✔
[3c/cd55ae] process > STAGE:GET_INCEPTION_FEATURE... [ 81%] 13 of 16

executor >  slurm (112)
[72/e73736] process > STAGE:LOAD_SAMPLE_INFO (WM4... [100%] 16 of 16 ✔
[ca/487fb4] process > STAGE:CONVERT_TO_TILED_TIFF... [100%] 16 of 16 ✔
[5a/561cea] process > STAGE:CREATE_THUMBNAIL_TIFF... [100%] 16 of 16 ✔
[9f/15a72b] process > STAGE:GET_PIXEL_MASK (WM423... [100%] 16 of 16 ✔
[8d/f84085] process > STAGE:TILE_WSI (WM4237_T2_S... [100%] 16 of 16 ✔
[03/59e402] process > STAGE:GET_TILE_MASK (WM4237... [100%] 16 of 16 ✔
[eb/06f4eb] process > STAGE:GET_INCEPTION_FEATURE... [ 93%] 15 of 16

executor >  slurm (112)
[72/e73736] process > STAGE:LOAD_SAMPLE_INFO (WM4... [100%] 16 of 16 ✔
[ca/487fb4] process > STAGE:CONVERT_TO_TILED_TIFF... [100%] 16 of 16 ✔
[5a/561cea] process > STAGE:CREATE_THUMBNAIL_TIFF... [100%] 16 of 16 ✔
[9f/15a72b] process > STAGE:GET_PIXEL_MASK (WM423... [100%] 16 of 16 ✔
[8d/f84085] process > STAGE:TILE_WSI (WM4237_T2_S... [100%] 16 of 16 ✔
[03/59e402] process > STAGE:GET_TILE_MASK (WM4237... [100%] 16 of 16 ✔
[e3/3f1970] process > STAGE:GET_INCEPTION_FEATURE... [100%] 16 of 16 ✔

executor >  slurm (112)
[72/e73736] process > STAGE:LOAD_SAMPLE_INFO (WM4... [100%] 16 of 16 ✔
[ca/487fb4] process > STAGE:CONVERT_TO_TILED_TIFF... [100%] 16 of 16 ✔
[5a/561cea] process > STAGE:CREATE_THUMBNAIL_TIFF... [100%] 16 of 16 ✔
[9f/15a72b] process > STAGE:GET_PIXEL_MASK (WM423... [100%] 16 of 16 ✔
[8d/f84085] process > STAGE:TILE_WSI (WM4237_T2_S... [100%] 16 of 16 ✔
[03/59e402] process > STAGE:GET_TILE_MASK (WM4237... [100%] 16 of 16 ✔
[e3/3f1970] process > STAGE:GET_INCEPTION_FEATURE... [100%] 16 of 16 ✔
Completed at: 09-Nov-2022 17:29:01
Duration    : 11m 9s
CPU hours   : 1.8
Succeeded   : 112


-------------------------------------------------------------
SUMNER/WINTER EPILOGUE
-------------------------------------------------------------
Job ID: 16538524
Cluster: slurm_cluster
User/Group: root/jaxuser
State: COMPLETED (exit code 0)
Cores: 1
CPU Utilized: 00:00:24
CPU Efficiency: 3.54% of 00:11:18 core-walltime
Job Wall-clock time: 00:11:18
Memory Utilized: 211.48 MB
Memory Efficiency: 10.33% of 2.00 GB
-------------------------------------------------------------
       JobID  User   State    CPUTime Exit     MaxRSS        NodeList  Partition                   ReqTRES              Submit               Start                 End    Elapsed 
------------ ----- ------- ---------- ---- ---------- --------------- ---------- ------------------------- ------------------- ------------------- ------------------- ---------- 
16538524     doma+ COMPLE+   00:11:18  0:0                  sumner082    compute billing=1,cpu=1,mem=2048+ 2022-11-09T17:17:42 2022-11-09T17:17:43 2022-11-09T17:29:01   00:11:18 
16538524.ba+       COMPLE+   00:11:18  0:0    211.48M       sumner082                                      2022-11-09T17:17:43 2022-11-09T17:17:43 2022-11-09T17:29:01   00:11:18 
16538524.ex+       COMPLE+   00:11:21  0:0      1.58M       sumner082                                      2022-11-09T17:17:43 2022-11-09T17:17:43 2022-11-09T17:29:04   00:11:21 
-------------------------------------------------------------
