N E X T F L O W  ~  version 22.04.3
Launching `main.nf` [jolly_lalande] DSL2 - revision: e284e968c1
[-        ] process > STAGE:LOAD_SAMPLE_INFO       -
[-        ] process > STAGE:CONVERT_TO_TILED_TIFF  -
[-        ] process > STAGE:CREATE_THUMBNAIL_TIFF  -
[-        ] process > STAGE:GET_PIXEL_MASK         -
[-        ] process > STAGE:TILE_WSI               -
[-        ] process > STAGE:GET_TILE_MASK          -
[-        ] process > STAGE:GET_INCEPTION_FEATURES -
[-        ] process > STAGE:INFER_HOVERNET         -

[e1/0b753a] process > STAGE:LOAD_SAMPLE_INFO (WM4... [100%] 5 of 5, cached: 5
[89/d9562f] process > STAGE:CONVERT_TO_TILED_TIFF... [100%] 2 of 2, cached: 2
[-        ] process > STAGE:CREATE_THUMBNAIL_TIFF    -
[-        ] process > STAGE:GET_PIXEL_MASK           -
[-        ] process > STAGE:TILE_WSI                 -
[-        ] process > STAGE:GET_TILE_MASK            -
[-        ] process > STAGE:GET_INCEPTION_FEATURES   -
[-        ] process > STAGE:INFER_HOVERNET           -

[58/8eabfb] process > STAGE:LOAD_SAMPLE_INFO (WM4... [100%] 10 of 10, cached: 10
[8f/f9b129] process > STAGE:CONVERT_TO_TILED_TIFF... [100%] 4 of 4, cached: 4
[cb/a7865a] process > STAGE:CREATE_THUMBNAIL_TIFF... [100%] 2 of 2, cached: 2
[-        ] process > STAGE:GET_PIXEL_MASK           -
[0a/7958bd] process > STAGE:TILE_WSI (WM4237_TE_S... [100%] 1 of 1, cached: 1
[-        ] process > STAGE:GET_TILE_MASK            -
[-        ] process > STAGE:GET_INCEPTION_FEATURES   -
[-        ] process > STAGE:INFER_HOVERNET           [  0%] 0 of 1

[72/e73736] process > STAGE:LOAD_SAMPLE_INFO (WM4... [100%] 16 of 16, cached:...
[6b/844885] process > STAGE:CONVERT_TO_TILED_TIFF... [100%] 8 of 8, cached: 8
[27/cc8028] process > STAGE:CREATE_THUMBNAIL_TIFF... [100%] 7 of 7, cached: 7
[89/bacb3d] process > STAGE:GET_PIXEL_MASK (WM423... [100%] 6 of 6, cached: 6
[98/7fbf8b] process > STAGE:TILE_WSI (WM4237_T0_S... [100%] 4 of 4, cached: 4
[-        ] process > STAGE:GET_TILE_MASK            -
[-        ] process > STAGE:GET_INCEPTION_FEATURES   -
[-        ] process > STAGE:INFER_HOVERNET           [  0%] 0 of 5

[72/e73736] process > STAGE:LOAD_SAMPLE_INFO (WM4... [100%] 16 of 16, cached:...
[6b/844885] process > STAGE:CONVERT_TO_TILED_TIFF... [100%] 8 of 8, cached: 8
[27/cc8028] process > STAGE:CREATE_THUMBNAIL_TIFF... [100%] 7 of 7, cached: 7
[e1/0c250c] process > STAGE:GET_PIXEL_MASK (WM423... [100%] 7 of 7, cached: 7
[96/1dfd45] process > STAGE:TILE_WSI (WM4237_T0_S... [100%] 7 of 7, cached: 7
[5a/ec2056] process > STAGE:GET_TILE_MASK (WM4237... [100%] 2 of 2, cached: 2
[-        ] process > STAGE:GET_INCEPTION_FEATURES   -
[-        ] process > STAGE:INFER_HOVERNET           [  0%] 0 of 5

executor >  slurm (1)
[72/e73736] process > STAGE:LOAD_SAMPLE_INFO (WM4... [100%] 16 of 16, cached:...
[ca/487fb4] process > STAGE:CONVERT_TO_TILED_TIFF... [100%] 16 of 16, cached:...
[5a/561cea] process > STAGE:CREATE_THUMBNAIL_TIFF... [100%] 15 of 15, cached: 15
[e1/0c250c] process > STAGE:GET_PIXEL_MASK (WM423... [100%] 7 of 7, cached: 7
[88/14c821] process > STAGE:TILE_WSI (WM4237_T3_S... [100%] 15 of 15, cached: 15
[db/df6a68] process > STAGE:GET_TILE_MASK (WM4237... [100%] 7 of 7, cached: 7
[e3/3f1970] process > STAGE:GET_INCEPTION_FEATURE... [100%] 7 of 7, cached: 7
[e3/dbc913] process > STAGE:INFER_HOVERNET (WM423... [  0%] 0 of 10

executor >  slurm (1)
[72/e73736] process > STAGE:LOAD_SAMPLE_INFO (WM4... [100%] 16 of 16, cached:...
[ca/487fb4] process > STAGE:CONVERT_TO_TILED_TIFF... [100%] 16 of 16, cached:...
[da/f2b828] process > STAGE:CREATE_THUMBNAIL_TIFF... [100%] 16 of 16, cached:...
[35/b45a28] process > STAGE:GET_PIXEL_MASK (WM423... [100%] 16 of 16, cached:...
[cb/93eb55] process > STAGE:TILE_WSI (WM4237_T4_S... [100%] 16 of 16, cached:...
[d0/1e0509] process > STAGE:GET_TILE_MASK (WM4237... [100%] 16 of 16, cached: 16
[c7/c24604] process > STAGE:GET_INCEPTION_FEATURE... [100%] 13 of 13, cached: 13
[e3/dbc913] process > STAGE:INFER_HOVERNET (WM423... [  0%] 0 of 16

executor >  slurm (3)
[72/e73736] process > STAGE:LOAD_SAMPLE_INFO (WM4... [100%] 16 of 16, cached:...
[ca/487fb4] process > STAGE:CONVERT_TO_TILED_TIFF... [100%] 16 of 16, cached:...
[da/f2b828] process > STAGE:CREATE_THUMBNAIL_TIFF... [100%] 16 of 16, cached:...
[35/b45a28] process > STAGE:GET_PIXEL_MASK (WM423... [100%] 16 of 16, cached:...
[cb/93eb55] process > STAGE:TILE_WSI (WM4237_T4_S... [100%] 16 of 16, cached:...
[d0/1e0509] process > STAGE:GET_TILE_MASK (WM4237... [100%] 16 of 16, cached:...
[ff/f66b68] process > STAGE:GET_INCEPTION_FEATURE... [100%] 16 of 16, cached:...
[fd/c53dda] process > STAGE:INFER_HOVERNET (WM423... [  0%] 0 of 16

executor >  slurm (5)
[72/e73736] process > STAGE:LOAD_SAMPLE_INFO (WM4... [100%] 16 of 16, cached:...
[ca/487fb4] process > STAGE:CONVERT_TO_TILED_TIFF... [100%] 16 of 16, cached:...
[da/f2b828] process > STAGE:CREATE_THUMBNAIL_TIFF... [100%] 16 of 16, cached:...
[35/b45a28] process > STAGE:GET_PIXEL_MASK (WM423... [100%] 16 of 16, cached:...
[cb/93eb55] process > STAGE:TILE_WSI (WM4237_T4_S... [100%] 16 of 16, cached:...
[d0/1e0509] process > STAGE:GET_TILE_MASK (WM4237... [100%] 16 of 16, cached:...
[ff/f66b68] process > STAGE:GET_INCEPTION_FEATURE... [100%] 16 of 16, cached:...
[22/9d6e9c] process > STAGE:INFER_HOVERNET (WM423... [  0%] 0 of 16

executor >  slurm (8)
[72/e73736] process > STAGE:LOAD_SAMPLE_INFO (WM4... [100%] 16 of 16, cached:...
[ca/487fb4] process > STAGE:CONVERT_TO_TILED_TIFF... [100%] 16 of 16, cached:...
[da/f2b828] process > STAGE:CREATE_THUMBNAIL_TIFF... [100%] 16 of 16, cached:...
[35/b45a28] process > STAGE:GET_PIXEL_MASK (WM423... [100%] 16 of 16, cached:...
[cb/93eb55] process > STAGE:TILE_WSI (WM4237_T4_S... [100%] 16 of 16, cached:...
[d0/1e0509] process > STAGE:GET_TILE_MASK (WM4237... [100%] 16 of 16, cached:...
[ff/f66b68] process > STAGE:GET_INCEPTION_FEATURE... [100%] 16 of 16, cached:...
[d0/cd88ba] process > STAGE:INFER_HOVERNET (WM423... [  0%] 0 of 16

executor >  slurm (10)
[72/e73736] process > STAGE:LOAD_SAMPLE_INFO (WM4... [100%] 16 of 16, cached:...
[ca/487fb4] process > STAGE:CONVERT_TO_TILED_TIFF... [100%] 16 of 16, cached:...
[da/f2b828] process > STAGE:CREATE_THUMBNAIL_TIFF... [100%] 16 of 16, cached:...
[35/b45a28] process > STAGE:GET_PIXEL_MASK (WM423... [100%] 16 of 16, cached:...
[cb/93eb55] process > STAGE:TILE_WSI (WM4237_T4_S... [100%] 16 of 16, cached:...
[d0/1e0509] process > STAGE:GET_TILE_MASK (WM4237... [100%] 16 of 16, cached:...
[ff/f66b68] process > STAGE:GET_INCEPTION_FEATURE... [100%] 16 of 16, cached:...
[67/be4385] process > STAGE:INFER_HOVERNET (WM423... [  0%] 0 of 16

executor >  slurm (12)
[72/e73736] process > STAGE:LOAD_SAMPLE_INFO (WM4... [100%] 16 of 16, cached:...
[ca/487fb4] process > STAGE:CONVERT_TO_TILED_TIFF... [100%] 16 of 16, cached:...
[da/f2b828] process > STAGE:CREATE_THUMBNAIL_TIFF... [100%] 16 of 16, cached:...
[35/b45a28] process > STAGE:GET_PIXEL_MASK (WM423... [100%] 16 of 16, cached:...
[cb/93eb55] process > STAGE:TILE_WSI (WM4237_T4_S... [100%] 16 of 16, cached:...
[d0/1e0509] process > STAGE:GET_TILE_MASK (WM4237... [100%] 16 of 16, cached:...
[ff/f66b68] process > STAGE:GET_INCEPTION_FEATURE... [100%] 16 of 16, cached:...
[ba/020ba4] process > STAGE:INFER_HOVERNET (WM423... [  0%] 0 of 16

executor >  slurm (13)
[72/e73736] process > STAGE:LOAD_SAMPLE_INFO (WM4... [100%] 16 of 16, cached:...
[ca/487fb4] process > STAGE:CONVERT_TO_TILED_TIFF... [100%] 16 of 16, cached:...
[da/f2b828] process > STAGE:CREATE_THUMBNAIL_TIFF... [100%] 16 of 16, cached:...
[35/b45a28] process > STAGE:GET_PIXEL_MASK (WM423... [100%] 16 of 16, cached:...
[cb/93eb55] process > STAGE:TILE_WSI (WM4237_T4_S... [100%] 16 of 16, cached:...
[d0/1e0509] process > STAGE:GET_TILE_MASK (WM4237... [100%] 16 of 16, cached:...
[ff/f66b68] process > STAGE:GET_INCEPTION_FEATURE... [100%] 16 of 16, cached:...
[24/cf7ae0] process > STAGE:INFER_HOVERNET (WM423... [  0%] 0 of 16

executor >  slurm (15)
[72/e73736] process > STAGE:LOAD_SAMPLE_INFO (WM4... [100%] 16 of 16, cached:...
[ca/487fb4] process > STAGE:CONVERT_TO_TILED_TIFF... [100%] 16 of 16, cached:...
[da/f2b828] process > STAGE:CREATE_THUMBNAIL_TIFF... [100%] 16 of 16, cached:...
[35/b45a28] process > STAGE:GET_PIXEL_MASK (WM423... [100%] 16 of 16, cached:...
[cb/93eb55] process > STAGE:TILE_WSI (WM4237_T4_S... [100%] 16 of 16, cached:...
[d0/1e0509] process > STAGE:GET_TILE_MASK (WM4237... [100%] 16 of 16, cached:...
[ff/f66b68] process > STAGE:GET_INCEPTION_FEATURE... [100%] 16 of 16, cached:...
[15/1bdb29] process > STAGE:INFER_HOVERNET (WM423... [  0%] 0 of 16

executor >  slurm (16)
[72/e73736] process > STAGE:LOAD_SAMPLE_INFO (WM4... [100%] 16 of 16, cached:...
[ca/487fb4] process > STAGE:CONVERT_TO_TILED_TIFF... [100%] 16 of 16, cached:...
[da/f2b828] process > STAGE:CREATE_THUMBNAIL_TIFF... [100%] 16 of 16, cached:...
[35/b45a28] process > STAGE:GET_PIXEL_MASK (WM423... [100%] 16 of 16, cached:...
[cb/93eb55] process > STAGE:TILE_WSI (WM4237_T4_S... [100%] 16 of 16, cached:...
[d0/1e0509] process > STAGE:GET_TILE_MASK (WM4237... [100%] 16 of 16, cached:...
[ff/f66b68] process > STAGE:GET_INCEPTION_FEATURE... [100%] 16 of 16, cached:...
[24/405610] process > STAGE:INFER_HOVERNET (WM423... [  0%] 0 of 16

executor >  slurm (16)
[72/e73736] process > STAGE:LOAD_SAMPLE_INFO (WM4... [100%] 16 of 16, cached:...
[ca/487fb4] process > STAGE:CONVERT_TO_TILED_TIFF... [100%] 16 of 16, cached:...
[da/f2b828] process > STAGE:CREATE_THUMBNAIL_TIFF... [100%] 16 of 16, cached:...
[35/b45a28] process > STAGE:GET_PIXEL_MASK (WM423... [100%] 16 of 16, cached:...
[cb/93eb55] process > STAGE:TILE_WSI (WM4237_T4_S... [100%] 16 of 16, cached:...
[d0/1e0509] process > STAGE:GET_TILE_MASK (WM4237... [100%] 16 of 16, cached:...
[ff/f66b68] process > STAGE:GET_INCEPTION_FEATURE... [100%] 16 of 16, cached:...
[24/405610] process > STAGE:INFER_HOVERNET (WM423... [  0%] 0 of 16

executor >  slurm (16)
[72/e73736] process > STAGE:LOAD_SAMPLE_INFO (WM4... [100%] 16 of 16, cached:...
[ca/487fb4] process > STAGE:CONVERT_TO_TILED_TIFF... [100%] 16 of 16, cached:...
[da/f2b828] process > STAGE:CREATE_THUMBNAIL_TIFF... [100%] 16 of 16, cached:...
[35/b45a28] process > STAGE:GET_PIXEL_MASK (WM423... [100%] 16 of 16, cached:...
[cb/93eb55] process > STAGE:TILE_WSI (WM4237_T4_S... [100%] 16 of 16, cached:...
[d0/1e0509] process > STAGE:GET_TILE_MASK (WM4237... [100%] 16 of 16, cached:...
[ff/f66b68] process > STAGE:GET_INCEPTION_FEATURE... [100%] 16 of 16, cached:...
[50/c4667f] process > STAGE:INFER_HOVERNET (WM423... [  6%] 1 of 16

executor >  slurm (16)
[72/e73736] process > STAGE:LOAD_SAMPLE_INFO (WM4... [100%] 16 of 16, cached:...
[ca/487fb4] process > STAGE:CONVERT_TO_TILED_TIFF... [100%] 16 of 16, cached:...
[da/f2b828] process > STAGE:CREATE_THUMBNAIL_TIFF... [100%] 16 of 16, cached:...
[35/b45a28] process > STAGE:GET_PIXEL_MASK (WM423... [100%] 16 of 16, cached:...
[cb/93eb55] process > STAGE:TILE_WSI (WM4237_T4_S... [100%] 16 of 16, cached:...
[d0/1e0509] process > STAGE:GET_TILE_MASK (WM4237... [100%] 16 of 16, cached:...
[ff/f66b68] process > STAGE:GET_INCEPTION_FEATURE... [100%] 16 of 16, cached:...
[e3/dbc913] process > STAGE:INFER_HOVERNET (WM423... [ 12%] 2 of 16
slurmstepd: error: *** JOB 334856 ON winter204 CANCELLED AT 2022-11-09T18:48:20 ***
