N E X T F L O W  ~  version 22.04.3
Launching `main.nf` [compassionate_ptolemy] DSL2 - revision: e284e968c1
[-        ] process > STAGE:LOAD_SAMPLE_INFO       -
[-        ] process > STAGE:CONVERT_TO_TILED_TIFF  -
[-        ] process > STAGE:CREATE_THUMBNAIL_TIFF  -
[-        ] process > STAGE:GET_PIXEL_MASK         -
[-        ] process > STAGE:TILE_WSI               -
[-        ] process > STAGE:GET_TILE_MASK          -
[-        ] process > STAGE:GET_INCEPTION_FEATURES -

[7d/8d2f38] process > STAGE:LOAD_SAMPLE_INFO (WM4... [100%] 6 of 6, cached: 6
[cf/93e925] process > STAGE:CONVERT_TO_TILED_TIFF... [100%] 5 of 5, cached: 5
[cb/a7865a] process > STAGE:CREATE_THUMBNAIL_TIFF... [100%] 1 of 1, cached: 1
[-        ] process > STAGE:GET_PIXEL_MASK           -
[cb/994661] process > STAGE:TILE_WSI (WM4237_TE_S... [100%] 1 of 1, cached: 1
[-        ] process > STAGE:GET_TILE_MASK            -
[-        ] process > STAGE:GET_INCEPTION_FEATURES   -

[21/539353] process > STAGE:LOAD_SAMPLE_INFO (WM4... [100%] 7 of 7, cached: 7
[cf/93e925] process > STAGE:CONVERT_TO_TILED_TIFF... [100%] 5 of 5, cached: 5
[a1/1f7c26] process > STAGE:CREATE_THUMBNAIL_TIFF... [100%] 4 of 4, cached: 4
[4c/ab990a] process > STAGE:GET_PIXEL_MASK (WM423... [100%] 2 of 2, cached: 2
[ef/522373] process > STAGE:TILE_WSI (WM4237_TE_S... [100%] 5 of 5, cached: 5
[5e/8ebb20] process > STAGE:GET_TILE_MASK (WM4237... [100%] 2 of 2, cached: 2
[30/e868fc] process > STAGE:GET_INCEPTION_FEATURE... [100%] 2 of 2, cached: 2

[52/ea07f8] process > STAGE:LOAD_SAMPLE_INFO (WM4... [100%] 14 of 14, cached: 14
[69/d6e15b] process > STAGE:CONVERT_TO_TILED_TIFF... [100%] 11 of 11, cached: 11
[8b/85f998] process > STAGE:CREATE_THUMBNAIL_TIFF... [100%] 10 of 10, cached: 10
[7d/bda345] process > STAGE:GET_PIXEL_MASK (WM423... [100%] 6 of 6, cached: 6
[ca/cd1acf] process > STAGE:TILE_WSI (WM4237_TC_S... [100%] 9 of 9, cached: 9
[67/a483c3] process > STAGE:GET_TILE_MASK (WM4237... [100%] 5 of 5, cached: 5
[b9/260fb5] process > STAGE:GET_INCEPTION_FEATURE... [100%] 3 of 3, cached: 3

[72/e73736] process > STAGE:LOAD_SAMPLE_INFO (WM4... [100%] 16 of 16, cached:...
[ca/487fb4] process > STAGE:CONVERT_TO_TILED_TIFF... [100%] 16 of 16, cached:...
[5d/6316f1] process > STAGE:CREATE_THUMBNAIL_TIFF... [100%] 16 of 16, cached:...
[46/3f5778] process > STAGE:GET_PIXEL_MASK (WM423... [100%] 15 of 15, cached: 15
[35/2490d8] process > STAGE:TILE_WSI (WM4237_T4_S... [100%] 14 of 14, cached: 14
[8c/2cb589] process > STAGE:GET_TILE_MASK (WM4237... [100%] 14 of 14, cached: 14
[da/aa4278] process > STAGE:GET_INCEPTION_FEATURE... [100%] 9 of 9, cached: 9

[72/e73736] process > STAGE:LOAD_SAMPLE_INFO (WM4... [100%] 16 of 16, cached:...
[ca/487fb4] process > STAGE:CONVERT_TO_TILED_TIFF... [100%] 16 of 16, cached:...
[5d/6316f1] process > STAGE:CREATE_THUMBNAIL_TIFF... [100%] 16 of 16, cached:...
[9f/15a72b] process > STAGE:GET_PIXEL_MASK (WM423... [100%] 16 of 16, cached:...
[cb/93eb55] process > STAGE:TILE_WSI (WM4237_T4_S... [100%] 16 of 16, cached:...
[5e/8a87e6] process > STAGE:GET_TILE_MASK (WM4237... [100%] 16 of 16, cached:...
[eb/06f4eb] process > STAGE:GET_INCEPTION_FEATURE... [100%] 16 of 16, cached:...

[72/e73736] process > STAGE:LOAD_SAMPLE_INFO (WM4... [100%] 16 of 16, cached:...
[ca/487fb4] process > STAGE:CONVERT_TO_TILED_TIFF... [100%] 16 of 16, cached:...
[5d/6316f1] process > STAGE:CREATE_THUMBNAIL_TIFF... [100%] 16 of 16, cached:...
[9f/15a72b] process > STAGE:GET_PIXEL_MASK (WM423... [100%] 16 of 16, cached:...
[cb/93eb55] process > STAGE:TILE_WSI (WM4237_T4_S... [100%] 16 of 16, cached:...
[5e/8a87e6] process > STAGE:GET_TILE_MASK (WM4237... [100%] 16 of 16, cached:...
[eb/06f4eb] process > STAGE:GET_INCEPTION_FEATURE... [100%] 16 of 16, cached:...
Waiting files transfer to complete (17 files)

[72/e73736] process > STAGE:LOAD_SAMPLE_INFO (WM4... [100%] 16 of 16, cached:...
[ca/487fb4] process > STAGE:CONVERT_TO_TILED_TIFF... [100%] 16 of 16, cached:...
[5d/6316f1] process > STAGE:CREATE_THUMBNAIL_TIFF... [100%] 16 of 16, cached:...
[9f/15a72b] process > STAGE:GET_PIXEL_MASK (WM423... [100%] 16 of 16, cached:...
[cb/93eb55] process > STAGE:TILE_WSI (WM4237_T4_S... [100%] 16 of 16, cached:...
[5e/8a87e6] process > STAGE:GET_TILE_MASK (WM4237... [100%] 16 of 16, cached:...
[eb/06f4eb] process > STAGE:GET_INCEPTION_FEATURE... [100%] 16 of 16, cached:...
Waiting files transfer to complete (17 files)

-------------------------------------------------------------
SUMNER/WINTER EPILOGUE
-------------------------------------------------------------
Job ID: 16538781
Cluster: slurm_cluster
User/Group: root/jaxuser
State: COMPLETED (exit code 0)
Cores: 1
CPU Utilized: 00:00:16
CPU Efficiency: 64.00% of 00:00:25 core-walltime
Job Wall-clock time: 00:00:25
Memory Utilized: 1.61 MB
Memory Efficiency: 0.08% of 2.00 GB
-------------------------------------------------------------
       JobID  User   State    CPUTime Exit     MaxRSS        NodeList  Partition                   ReqTRES              Submit               Start                 End    Elapsed 
------------ ----- ------- ---------- ---- ---------- --------------- ---------- ------------------------- ------------------- ------------------- ------------------- ---------- 
16538781     doma+ COMPLE+   00:00:25  0:0                  sumner035    compute billing=1,cpu=1,mem=2048+ 2022-11-09T18:54:44 2022-11-09T18:54:45 2022-11-09T18:55:10   00:00:25 
16538781.ba+       COMPLE+   00:00:25  0:0      1.61M       sumner035                                      2022-11-09T18:54:45 2022-11-09T18:54:45 2022-11-09T18:55:10   00:00:25 
16538781.ex+       COMPLE+   00:00:25  0:0      1.58M       sumner035                                      2022-11-09T18:54:45 2022-11-09T18:54:45 2022-11-09T18:55:10   00:00:25 
-------------------------------------------------------------
